Ready to accept commonds on port 2500
Connected successfully to server
Access granted to: admin,secret
find: student
Access granted to: admin,secret
find: student
Access granted to: admin,secret
find: Student
Access granted to: admin,secret
find: student
Access granted to: admin,secret
find: student
Access granted to: admin,secret
find: Sttg
Access granted to: admin,secret
find: student
Access granted to: admin,secret
find: student
Access granted to: admin,secret
find: Sss
Access granted to: admin,secret
find: Sss
Access granted to: admin,secret
find: student
Access granted to: admin,secret
find: undefined
Access granted to: admin,secret
find: Ggv
Access granted to: admin,secret
find: Ggv
Access granted to: admin,secret
find: Ggg
Access granted to: admin,secret
find: student
Access granted to: admin,secret
find: Ggg
Access granted to: admin,secret
find: student
Access granted to: admin,secret
find: undefined
Access granted to: admin,secret
find: F
Access granted to: admin,secret
getAll
Access granted to: admin,secret
find: student
Access granted to: admin,secret
find: student
Access granted to: admin,secret
find: student
Access granted to: admin,secret
find: student
Access granted to: admin,secret
find: student
Access granted to: admin,secret
find: student
Access granted to: admin,secret
find: Ggg
Access granted to: admin,secret
find: student
Access granted to: admin,secret
find: student
Access granted to: admin,secret
find: student
Access granted to: admin,secret
find: student
Access granted to: admin,secret
find: student
Access granted to: admin,secret
find: student
Access granted to: admin,secret
find: student
Access granted to: admin,secret
find: student
Access granted to: admin,secret
find: student
Access granted to: admin,secret
find: Mal
Access granted to: admin,secret
inserting: Mal
Access granted to: admin,secret
find: Mal
Access granted to: admin,secret
find: Mal
Access granted to: admin,secret
find: student
